<?xml version="1.0" encoding="UTF-8"?>
<!-- Generated by org.testng.reporters.JUnitReportReporter -->
<testsuite skipped="0" hostname="linux" name="tys.demoF" tests="2" failures="0" timestamp="07 Feb 2019 10:11:22 GMT" time="61.293" errors="0">
  <testcase name="test" time="29.728" classname="tys.demoF"/>
  <testcase name="test" time="31.565" classname="tys.demoF"/>
</testsuite> <!-- tys.demoF -->
